2019-10-22 03:54:06 +0000 [MT] Initial pipeline context: <IDEDistributionProcessingPipelineContext: 0x7f81f3683590; archive(resolved)='<IDEArchive: 0x7f81f3773db0>', distributionTask(resolved)='2', distributionDestination(resolved)='1', distributionMethod(resolved)='<IDEDistributionMethodAdHoc: 0x7f81f33be210>', team(resolved)='<IDEProvisioningBasicTeam: 0x7f81f33ed7f0; teamID='D68Z7HL3T6', teamName='iFREE Group (HK) Limited'>'>
	Chain (11, self inclusive):
	<IDEDistributionProcessingPipelineContext: 0x7f81f3683590; archive = '<IDEArchive: 0x7f81f3773db0>', distributionMethod='<IDEDistributionMethodAdHoc: 0x7f81f33be210>', team='<IDEProvisioningBasicTeam: 0x7f81f33ed7f0; teamID='D68Z7HL3T6', teamName='iFREE Group (HK) Limited'>'>
	<IDEDistributionProcessingPipelineContext: 0x7f81f367f5a0; archive = '<IDEArchive: 0x7f81f3773db0>', distributionMethod='<IDEDistributionMethodAdHoc: 0x7f81f33be210>', team='<IDEProvisioningBasicTeam: 0x7f81f33ed7f0; teamID='D68Z7HL3T6', teamName='iFREE Group (HK) Limited'>'>
	<IDEDistributionContext: 0x7f81f3681600; archive = '<IDEArchive: 0x7f81f3773db0>', distributionMethod='<IDEDistributionMethodAdHoc: 0x7f81f33be210>', team='<IDEProvisioningBasicTeam: 0x7f81f33ed7f0; teamID='D68Z7HL3T6', teamName='iFREE Group (HK) Limited'>'>
	<IDEDistributionContext: 0x7f81f35ee0b0; archive = '<IDEArchive: 0x7f81f3773db0>', distributionMethod='<IDEDistributionMethodAdHoc: 0x7f81f33be210>', team='<IDEProvisioningBasicTeam: 0x7f81f33ed7f0; teamID='D68Z7HL3T6', teamName='iFREE Group (HK) Limited'>'>
	<IDEDistributionContext: 0x7f81f31bc860; archive = '<IDEArchive: 0x7f81f3773db0>', distributionMethod='<IDEDistributionMethodAdHoc: 0x7f81f33be210>', team='<IDEProvisioningBasicTeam: 0x7f81f33ed7f0; teamID='D68Z7HL3T6', teamName='iFREE Group (HK) Limited'>'>
	<IDEDistributionContext: 0x7f81f36763c0; archive = '<IDEArchive: 0x7f81f3773db0>', distributionMethod='<IDEDistributionMethodAdHoc: 0x7f81f33be210>', team='<IDEProvisioningBasicTeam: 0x7f81f33ed7f0; teamID='D68Z7HL3T6', teamName='iFREE Group (HK) Limited'>'>
	<IDEDistributionContext: 0x7f81f0c0c410; archive = '<IDEArchive: 0x7f81f3773db0>', distributionMethod='<IDEDistributionMethodAdHoc: 0x7f81f33be210>', team='<IDEProvisioningBasicTeam: 0x7f81f33ed7f0; teamID='D68Z7HL3T6', teamName='iFREE Group (HK) Limited'>'>
	<IDEDistributionContext: 0x7f81f35e6e30; archive = '<IDEArchive: 0x7f81f3773db0>', distributionMethod='<IDEDistributionMethodAdHoc: 0x7f81f33be210>', team='<IDEProvisioningBasicTeam: 0x7f81f33ed7f0; teamID='D68Z7HL3T6', teamName='iFREE Group (HK) Limited'>'>
	<IDEDistributionContext: 0x7f81f37d2080; archive = '<IDEArchive: 0x7f81f3773db0>', distributionMethod='<IDEDistributionMethodAdHoc: 0x7f81f33be210>', team='<IDEProvisioningBasicTeam: 0x7f81f33ed7f0; teamID='D68Z7HL3T6', teamName='iFREE Group (HK) Limited'>'>
	<IDEDistributionContext: 0x7f81f37d3650; archive = '<IDEArchive: 0x7f81f3773db0>', distributionMethod='<IDEDistributionMethodAdHoc: 0x7f81f33be210>', team='(null)'>
	<IDEDistributionContext: 0x7f81f3774b10; archive = '<IDEArchive: 0x7f81f3773db0>', distributionMethod='(null)', team='(null)'>
</IDEDistributionProcessingPipelineContext: 0x7f81f3683590>
2019-10-22 03:54:06 +0000 [MT] Processing step: IDEDistributionCreateDestRootStep
2019-10-22 03:54:06 +0000 [MT] Processing step: IDEDistributionCopyItemStep
2019-10-22 03:54:06 +0000 [MT] Running /usr/bin/ditto '-V' '/Users/Louis888/Documents/Git仓库/test/JenkinsTest/build/JenkinsTest.xcarchive/Products/Applications/JenkinsTest.app' '/var/folders/cm/hbhk4fc106l7lmwlcy2ybyl80000gn/T/XcodeDistPipeline.~~~ZI1Ttz/Root/Payload/JenkinsTest.app'
2019-10-22 03:54:06 +0000  >>> Copying /Users/Louis888/Documents/Git仓库/test/JenkinsTest/build/JenkinsTest.xcarchive/Products/Applications/JenkinsTest.app 
2019-10-22 03:54:06 +0000  copying file ./_CodeSignature/CodeResources ... 
2019-10-22 03:54:06 +0000  3895 bytes for ./_CodeSignature/CodeResources
copying file ./Base.lproj/Main.storyboardc/UIViewController-BYZ-38-t0r.nib ... 
2019-10-22 03:54:06 +0000  916 bytes for ./Base.lproj/Main.storyboardc/UIViewController-BYZ-38-t0r.nib
copying file ./Base.lproj/Main.storyboardc/BYZ-38-t0r-view-8bC-Xf-vdC.nib ... 
2019-10-22 03:54:06 +0000  1136 bytes for ./Base.lproj/Main.storyboardc/BYZ-38-t0r-view-8bC-Xf-vdC.nib
copying file ./Base.lproj/Main.storyboardc/Info.plist ... 
2019-10-22 03:54:06 +0000  258 bytes for ./Base.lproj/Main.storyboardc/Info.plist
2019-10-22 03:54:06 +0000  copying file ./Base.lproj/LaunchScreen.storyboardc/01J-lp-oVM-view-Ze5-6b-2t3.nib ... 
2019-10-22 03:54:06 +0000  1136 bytes for ./Base.lproj/LaunchScreen.storyboardc/01J-lp-oVM-view-Ze5-6b-2t3.nib
copying file ./Base.lproj/LaunchScreen.storyboardc/UIViewController-01J-lp-oVM.nib ... 
2019-10-22 03:54:06 +0000  832 bytes for ./Base.lproj/LaunchScreen.storyboardc/UIViewController-01J-lp-oVM.nib
copying file ./Base.lproj/LaunchScreen.storyboardc/Info.plist ... 
2019-10-22 03:54:06 +0000  258 bytes for ./Base.lproj/LaunchScreen.storyboardc/Info.plist
2019-10-22 03:54:06 +0000  copying file ./JenkinsTest ... 
2019-10-22 03:54:06 +0000  119696 bytes for ./JenkinsTest
copying file ./embedded.mobileprovision ... 
2019-10-22 03:54:06 +0000  24169 bytes for ./embedded.mobileprovision
copying file ./Info.plist ... 
2019-10-22 03:54:06 +0000  1118 bytes for ./Info.plist
2019-10-22 03:54:06 +0000  copying file ./PkgInfo ... 
2019-10-22 03:54:06 +0000  8 bytes for ./PkgInfo
2019-10-22 03:54:06 +0000 [MT] /usr/bin/ditto exited with 0
2019-10-22 03:54:06 +0000 [MT] Processing step: IDEDistributionEmbedProfileStep
2019-10-22 03:54:06 +0000 [MT] Processing step: IDEDistributionAppThinningPlistStep
2019-10-22 03:54:06 +0000 [MT] Skipping step: IDEDistributionAppThinningPlistStep because it said so
2019-10-22 03:54:06 +0000 [MT] Processing step: IDEDistributionCompileBitcodeStep
2019-10-22 03:54:06 +0000 [MT] Skipping step: IDEDistributionCompileBitcodeStep because it said so
2019-10-22 03:54:06 +0000 [MT] Processing step: IDEDistributionCodeSlimmingStep
2019-10-22 03:54:06 +0000 [MT] Processing step: IDEDistributionCopyBCSymbolMapsStep
2019-10-22 03:54:06 +0000 [MT] Skipping step: IDEDistributionCopyBCSymbolMapsStep because it said so
2019-10-22 03:54:06 +0000 [MT] Processing step: IDEDistributionSymbolsStep
2019-10-22 03:54:06 +0000 [MT] Skipping step: IDEDistributionSymbolsStep because it said so
2019-10-22 03:54:06 +0000 [MT] Processing step: IDEDistributionAppThinningStep
2019-10-22 03:54:06 +0000 [MT] Skipping step: IDEDistributionAppThinningStep because it said so
2019-10-22 03:54:06 +0000 [MT] Processing step: IDEDistributionArchThinningStep
2019-10-22 03:54:06 +0000 [MT] Running /Applications/Xcode10.app/Contents/Developer/Toolchains/XcodeDefault.xctoolchain/usr/bin/lipo '/var/folders/cm/hbhk4fc106l7lmwlcy2ybyl80000gn/T/XcodeDistPipeline.~~~ZI1Ttz/Root/Payload/JenkinsTest.app/JenkinsTest' '-verify_arch' 'arm64e'
2019-10-22 03:54:06 +0000 [MT] /Applications/Xcode10.app/Contents/Developer/Toolchains/XcodeDefault.xctoolchain/usr/bin/lipo exited with 1
2019-10-22 03:54:06 +0000 [MT] Skipping architecture thinning for item "JenkinsTest" because arch "arm64e" wasn't found
2019-10-22 03:54:06 +0000 [MT] Processing step: IDEDistributionODRStep
2019-10-22 03:54:06 +0000 [MT] Processing step: IDEDistributionStripXattrsStep
2019-10-22 03:54:06 +0000 [MT] Running /usr/bin/xattr '-crs' '/var/folders/cm/hbhk4fc106l7lmwlcy2ybyl80000gn/T/XcodeDistPipeline.~~~ZI1Ttz/Root/Payload/JenkinsTest.app'
2019-10-22 03:54:07 +0000 [MT] /usr/bin/xattr exited with 0
2019-10-22 03:54:07 +0000 [MT] Processing step: IDEDistributionCodesignStep
2019-10-22 03:54:07 +0000 [MT] Entitlements for <IDEDistributionItem: 0x7f81f33ea8a0 'com.iFREEGROUP.JenkinsTest' '<DVTFilePath:0x7f81f37745c0:'/Users/Louis888/Documents/Git仓库/test/JenkinsTest/build/JenkinsTest.xcarchive/Products/Applications/JenkinsTest.app'>'>: {
    "application-identifier" = "D68Z7HL3T6.com.iFREEGROUP.JenkinsTest";
    "com.apple.developer.team-identifier" = D68Z7HL3T6;
    "get-task-allow" = 0;
    "keychain-access-groups" =     (
        "D68Z7HL3T6.com.iFREEGROUP.JenkinsTest"
    );
}
2019-10-22 03:54:07 +0000 [MT] Writing entitlements for <IDEDistributionItem: 0x7f81f33ea8a0 'com.iFREEGROUP.JenkinsTest' '<DVTFilePath:0x7f81f37745c0:'/Users/Louis888/Documents/Git仓库/test/JenkinsTest/build/JenkinsTest.xcarchive/Products/Applications/JenkinsTest.app'>'> to: /var/folders/cm/hbhk4fc106l7lmwlcy2ybyl80000gn/T/XcodeDistPipeline.~~~ZI1Ttz/entitlements~~~19aWuc
2019-10-22 03:54:07 +0000 [MT] Running /usr/bin/codesign '-vvv' '--force' '--sign' '83FE9292E85E832A08511D2B8221C85858E71CB4' '--entitlements' '/var/folders/cm/hbhk4fc106l7lmwlcy2ybyl80000gn/T/XcodeDistPipeline.~~~ZI1Ttz/entitlements~~~19aWuc' '--preserve-metadata=identifier,flags,runtime' '/var/folders/cm/hbhk4fc106l7lmwlcy2ybyl80000gn/T/XcodeDistPipeline.~~~ZI1Ttz/Root/Payload/JenkinsTest.app'
2019-10-22 03:54:08 +0000  /var/folders/cm/hbhk4fc106l7lmwlcy2ybyl80000gn/T/XcodeDistPipeline.~~~ZI1Ttz/Root/Payload/JenkinsTest.app: signed app bundle with Mach-O thin (arm64) [com.iFREEGROUP.JenkinsTest]
2019-10-22 03:54:08 +0000 [MT] /usr/bin/codesign exited with 0
2019-10-22 03:54:08 +0000 [MT] Processing step: IDEDistributionZipODRItemStep
2019-10-22 03:54:08 +0000 [MT] Skipping step: IDEDistributionZipODRItemStep because it said so
2019-10-22 03:54:08 +0000 [MT] Processing step: IDEDistributionCreateIPAStep
2019-10-22 03:54:08 +0000 [MT] Running /usr/bin/ditto '-V' '-c' '-k' '--norsrc' '/var/folders/cm/hbhk4fc106l7lmwlcy2ybyl80000gn/T/XcodeDistPipeline.~~~ZI1Ttz/Root' '/var/folders/cm/hbhk4fc106l7lmwlcy2ybyl80000gn/T/XcodeDistPipeline.~~~ZI1Ttz/Packages/JenkinsTest.ipa'
2019-10-22 03:54:08 +0000  >>> Copying /var/folders/cm/hbhk4fc106l7lmwlcy2ybyl80000gn/T/XcodeDistPipeline.~~~ZI1Ttz/Root 
2019-10-22 03:54:08 +0000  copying file ./Payload/JenkinsTest.app/_CodeSignature/CodeResources ... 
2019-10-22 03:54:08 +0000  3895 bytes for ./Payload/JenkinsTest.app/_CodeSignature/CodeResources
2019-10-22 03:54:08 +0000  copying file ./Payload/JenkinsTest.app/Base.lproj/Main.storyboardc/UIViewController-BYZ-38-t0r.nib ... 
2019-10-22 03:54:08 +0000  916 bytes for ./Payload/JenkinsTest.app/Base.lproj/Main.storyboardc/UIViewController-BYZ-38-t0r.nib
2019-10-22 03:54:08 +0000  copying file ./Payload/JenkinsTest.app/Base.lproj/Main.storyboardc/BYZ-38-t0r-view-8bC-Xf-vdC.nib ... 
2019-10-22 03:54:08 +0000  1136 bytes for ./Payload/JenkinsTest.app/Base.lproj/Main.storyboardc/BYZ-38-t0r-view-8bC-Xf-vdC.nib
copying file ./Payload/JenkinsTest.app/Base.lproj/Main.storyboardc/Info.plist ... 
258 bytes for ./Payload/JenkinsTest.app/Base.lproj/Main.storyboardc/Info.plist
copying file ./Payload/JenkinsTest.app/Base.lproj/LaunchScreen.storyboardc/01J-lp-oVM-view-Ze5-6b-2t3.nib ... 
1136 bytes for ./Payload/JenkinsTest.app/Base.lproj/LaunchScreen.storyboardc/01J-lp-oVM-view-Ze5-6b-2t3.nib
copying file ./Payload/JenkinsTest.app/Base.lproj/LaunchScreen.storyboardc/UIViewController-01J-lp-oVM.nib ... 
2019-10-22 03:54:08 +0000  832 bytes for ./Payload/JenkinsTest.app/Base.lproj/LaunchScreen.storyboardc/UIViewController-01J-lp-oVM.nib
2019-10-22 03:54:08 +0000  copying file ./Payload/JenkinsTest.app/Base.lproj/LaunchScreen.storyboardc/Info.plist ... 
258 bytes for ./Payload/JenkinsTest.app/Base.lproj/LaunchScreen.storyboardc/Info.plist
2019-10-22 03:54:08 +0000  copying file ./Payload/JenkinsTest.app/JenkinsTest ... 
2019-10-22 03:54:08 +0000  70176 bytes for ./Payload/JenkinsTest.app/JenkinsTest
2019-10-22 03:54:08 +0000  copying file ./Payload/JenkinsTest.app/embedded.mobileprovision ... 
2019-10-22 03:54:08 +0000  18505 bytes for ./Payload/JenkinsTest.app/embedded.mobileprovision
2019-10-22 03:54:08 +0000  copying file ./Payload/JenkinsTest.app/Info.plist ... 
2019-10-22 03:54:08 +0000  1118 bytes for ./Payload/JenkinsTest.app/Info.plist
copying file ./Payload/JenkinsTest.app/PkgInfo ... 
2019-10-22 03:54:08 +0000  8 bytes for ./Payload/JenkinsTest.app/PkgInfo
2019-10-22 03:54:08 +0000 [MT] /usr/bin/ditto exited with 0
2019-10-22 03:54:08 +0000 [MT] Processing step: IDEDistributionAppStoreInformationStep
2019-10-22 03:54:08 +0000 [MT] Skipping step: IDEDistributionAppStoreInformationStep because it said so
2019-10-22 03:54:08 +0000 [MT] Processing step: IDEDistributionCreateManifestStep
